#
# There is insufficient memory for the Java Runtime Environment to continue.
# Native memory allocation (mmap) failed to map 65536 bytes for Failed to commit metaspace.
# Possible reasons:
#   The system is out of physical RAM or swap space
#   The process is running with CompressedOops enabled, and the Java Heap may be blocking the growth of the native heap
# Possible solutions:
#   Reduce memory load on the system
#   Increase physical memory or swap space
#   Check if swap backing store is full
#   Decrease Java heap size (-Xmx/-Xms)
#   Decrease number of Java threads
#   Decrease Java thread stack sizes (-Xss)
#   Set larger code cache with -XX:ReservedCodeCacheSize=
#   JVM is running with Zero Based Compressed Oops mode in which the Java heap is
#     placed in the first 32GB address space. The Java Heap base address is the
#     maximum limit for the native heap growth. Please use -XX:HeapBaseMinAddress
#     to set the Java Heap base and to place the Java Heap above 32GB virtual address.
# This output file may be truncated or incomplete.
#
#  Out of Memory Error (virtualSpaceNode.cpp:110), pid=43408, tid=38672
#
# JRE version: OpenJDK Runtime Environment JBR-17.0.9+7-1000.46-jcef (17.0.9+7) (build 17.0.9+7-b1000.46)
# Java VM: OpenJDK 64-Bit Server VM JBR-17.0.9+7-1000.46-jcef (17.0.9+7-b1000.46, mixed mode, tiered, compressed oops, compressed class ptrs, g1 gc, windows-amd64)
# No core dump will be written. Minidumps are not enabled by default on client versions of Windows
#

---------------  S U M M A R Y ------------

Command Line: git4idea.http.GitAskPassApp Username for 'https://github.com': 

Host: Intel(R) Core(TM) i7-8700K CPU @ 3.70GHz, 12 cores, 31G,  Windows 11 , 64 bit Build 22621 (10.0.22621.2506)
Time: Sun Mar  3 12:00:42 2024 Central Standard Time elapsed time: 0.286431 seconds (0d 0h 0m 0s)

---------------  T H R E A D  ---------------

Current thread (0x0000027674cfd170):  JavaThread "main" [_thread_in_vm, id=38672, stack(0x000000814fa00000,0x000000814fb00000)]

Stack: [0x000000814fa00000,0x000000814fb00000]
Native frames: (J=compiled Java code, j=interpreted, Vv=VM code, C=native code)
V  [jvm.dll+0x6886e9]
V  [jvm.dll+0x841e4a]
V  [jvm.dll+0x843a8e]
V  [jvm.dll+0x8440f3]
V  [jvm.dll+0x24c14f]
V  [jvm.dll+0x83ce2b]
V  [jvm.dll+0x62cae6]
V  [jvm.dll+0x62cb4a]
V  [jvm.dll+0x62f37a]
V  [jvm.dll+0x62d486]
V  [jvm.dll+0x2434d8]
V  [jvm.dll+0x6dff25]
V  [jvm.dll+0x6e092f]
V  [jvm.dll+0x379250]
V  [jvm.dll+0x378274]
V  [jvm.dll+0x378218]
V  [jvm.dll+0x56e880]
V  [jvm.dll+0x56e928]
V  [jvm.dll+0x38bedb]
V  [jvm.dll+0x38b992]
C  0x00000276075489d5

The last pc belongs to getstatic (printed below).
Java frames: (J=compiled Java code, j=interpreted, Vv=VM code)
j  sun.security.ssl.OutputRecord.<clinit>()V+130 java.base@17.0.9
v  ~StubRoutines::call_stub
j  sun.security.ssl.SSLSocketImpl.<init>(Lsun/security/ssl/SSLContextImpl;)V+78 java.base@17.0.9
j  sun.security.ssl.SSLSocketFactoryImpl.createSocket()Ljava/net/Socket;+8 java.base@17.0.9
j  javax.net.ssl.SSLContextSpi.getDefaultSocket()Ljavax/net/ssl/SSLSocket;+6 java.base@17.0.9
j  javax.net.ssl.SSLContextSpi.engineGetDefaultSSLParameters()Ljavax/net/ssl/SSLParameters;+1 java.base@17.0.9
j  javax.net.ssl.SSLContext.getDefaultSSLParameters()Ljavax/net/ssl/SSLParameters;+4 java.base@17.0.9
j  jdk.internal.net.http.HttpClientImpl.getDefaultParams(Ljavax/net/ssl/SSLContext;)Ljavax/net/ssl/SSLParameters;+1 java.net.http@17.0.9
j  jdk.internal.net.http.HttpClientImpl.<init>(Ljdk/internal/net/http/HttpClientBuilderImpl;Ljdk/internal/net/http/HttpClientImpl$SingleFacadeFactory;)V+418 java.net.http@17.0.9
j  jdk.internal.net.http.HttpClientImpl.create(Ljdk/internal/net/http/HttpClientBuilderImpl;)Ljdk/internal/net/http/HttpClientFacade;+14 java.net.http@17.0.9
j  jdk.internal.net.http.HttpClientBuilderImpl.build()Ljava/net/http/HttpClient;+1 java.net.http@17.0.9
j  externalApp.ExternalAppUtil.sendIdeRequest(Ljava/lang/String;ILjava/lang/String;Ljava/lang/String;)LexternalApp/ExternalAppUtil$Result;+77
j  git4idea.http.GitAskPassApp.main([Ljava/lang/String;)V+37
v  ~StubRoutines::call_stub
getstatic  178 getstatic  [0x0000027607548920, 0x0000027607548b20]  512 bytes
[MachCode]
  0x0000027607548920: 4883 ec08 | c5fa 1104 | 24eb 1f48 | 83ec 10c5 | fb11 0424 | eb14 4883 | ec10 4889 | 0424 48c7 
  0x0000027607548940: 4424 0800 | 0000 00eb | 0150 410f | b755 0148 | 8b4d d0c1 | e202 8b5c | d120 c1eb | 1081 e3ff 
  0x0000027607548960: 0000 0081 | fbb2 0000 | 000f 84b6 | 0000 00bb | b200 0000 | e805 0000 | 00e9 9b00 | 0000 488b 
  0x0000027607548980: d348 8d44 | 2408 4c89 | 6dc0 498b | cfc5 f877 | 4989 afa8 | 0200 0049 | 8987 9802 | 0000 4883 
  0x00000276075489a0: ec20 f7c4 | 0f00 0000 | 0f84 1a00 | 0000 4883 | ec08 49ba | 30b9 353a | fb7f 0000 | 41ff d248 
  0x00000276075489c0: 83c4 08e9 | 0d00 0000 | 49ba 30b9 | 353a fb7f | 0000 41ff | d248 83c4 | 2049 c787 | 9802 0000 
  0x00000276075489e0: 0000 0000 | 49c7 87a8 | 0200 0000 | 0000 0049 | c787 a002 | 0000 0000 | 0000 c5f8 | 7749 817f 
  0x0000027607548a00: 0800 0000 | 000f 8405 | 0000 00e9 | f084 feff | 4c8b 6dc0 | 4c8b 75c8 | c341 0fb7 | 5501 488b 
  0x0000027607548a20: 4dd0 c1e2 | 0248 8b5c | d130 8b44 | d138 4c8b | 4cd1 284d | 8b49 704d | 8b09 c1e8 | 1c83 e00f 
  0x0000027607548a40: 0f85 0b00 | 0000 410f | be04 1950 | e9b5 0000 | 0083 f801 | 0f85 0b00 | 0000 410f | b604 1950 
  0x0000027607548a60: e9a1 0000 | 0083 f808 | 0f85 0e00 | 0000 418b | 0419 48c1 | e003 50e9 | 8a00 0000 | 83f8 040f 
  0x0000027607548a80: 850a 0000 | 0041 8b04 | 1950 e977 | 0000 0083 | f802 0f85 | 0b00 0000 | 410f b704 | 1950 e963 
  0x0000027607548aa0: 0000 0083 | f803 0f85 | 0b00 0000 | 410f bf04 | 1950 e94f | 0000 0083 | f805 0f85 | 1a00 0000 
  0x0000027607548ac0: 498b 0419 | 4883 ec10 | 4889 0424 | 48c7 4424 | 0800 0000 | 00e9 2c00 | 0000 83f8 | 060f 8514 
  0x0000027607548ae0: 0000 00c4 | c17a 1004 | 1948 83ec | 08c5 fa11 | 0424 e90f | 0000 00c4 | c17b 1004 | 1948 83ec 
  0x0000027607548b00: 10c5 fb11 | 0424 410f | b65d 0349 | 83c5 0349 | ba40 a7b8 | 3afb 7f00 | 0041 ff24 | da66 6690 
[/MachCode]

---------------  P R O C E S S  ---------------

Threads class SMR info:
_java_thread_list=0x000002767e8d6ef0, length=12, elements={
0x0000027674cfd170, 0x000002767bbbea30, 0x000002767e6f3970, 0x000002767e76e980,
0x000002767e7704c0, 0x000002767e7645d0, 0x000002767e764ea0, 0x000002767e765aa0,
0x000002767e76a060, 0x000002767e77d260, 0x000002767e8f2e80, 0x000002767e905420
}

Java Threads: ( => current thread )
=>0x0000027674cfd170 JavaThread "main" [_thread_in_vm, id=38672, stack(0x000000814fa00000,0x000000814fb00000)]
  0x000002767bbbea30 JavaThread "Reference Handler" daemon [_thread_blocked, id=43644, stack(0x0000008150100000,0x0000008150200000)]
  0x000002767e6f3970 JavaThread "Finalizer" daemon [_thread_blocked, id=30940, stack(0x0000008150200000,0x0000008150300000)]
  0x000002767e76e980 JavaThread "Signal Dispatcher" daemon [_thread_blocked, id=45024, stack(0x0000008150300000,0x0000008150400000)]
  0x000002767e7704c0 JavaThread "Attach Listener" daemon [_thread_blocked, id=42092, stack(0x0000008150400000,0x0000008150500000)]
  0x000002767e7645d0 JavaThread "Service Thread" daemon [_thread_blocked, id=44488, stack(0x0000008150500000,0x0000008150600000)]
  0x000002767e764ea0 JavaThread "Monitor Deflation Thread" daemon [_thread_blocked, id=33924, stack(0x0000008150600000,0x0000008150700000)]
  0x000002767e765aa0 JavaThread "C2 CompilerThread0" daemon [_thread_blocked, id=30480, stack(0x0000008150700000,0x0000008150800000)]
  0x000002767e76a060 JavaThread "C1 CompilerThread0" daemon [_thread_blocked, id=30688, stack(0x0000008150800000,0x0000008150900000)]
  0x000002767e77d260 JavaThread "Sweeper thread" daemon [_thread_blocked, id=43976, stack(0x0000008150900000,0x0000008150a00000)]
  0x000002767e8f2e80 JavaThread "Notification Thread" daemon [_thread_blocked, id=39300, stack(0x0000008150a00000,0x0000008150b00000)]
  0x000002767e905420 JavaThread "Common-Cleaner" daemon [_thread_blocked, id=43380, stack(0x0000008150c00000,0x0000008150d00000)]

Other Threads:
  0x000002767bbba370 VMThread "VM Thread" [stack: 0x0000008150000000,0x0000008150100000] [id=35404]
  0x000002767e8f3770 WatcherThread [stack: 0x0000008150b00000,0x0000008150c00000] [id=41404]
  0x0000027674dac110 GCTaskThread "GC Thread#0" [stack: 0x000000814fb00000,0x000000814fc00000] [id=41156]
  0x000002767b9d0270 ConcurrentGCThread "G1 Main Marker" [stack: 0x000000814fc00000,0x000000814fd00000] [id=44984]
  0x000002767b9d0c90 ConcurrentGCThread "G1 Conc#0" [stack: 0x000000814fd00000,0x000000814fe00000] [id=27316]
  0x000002767bab2b00 ConcurrentGCThread "G1 Refine#0" [stack: 0x000000814fe00000,0x000000814ff00000] [id=42180]
  0x000002767bab3530 ConcurrentGCThread "G1 Service" [stack: 0x000000814ff00000,0x0000008150000000] [id=35520]

Threads with active compile tasks:

VM state: not at safepoint (normal execution)

VM Mutex/Monitor currently owned by a thread:  ([mutex/lock_event])
[0x0000027674cf8670] Metaspace_lock - owner thread: 0x0000027674cfd170

Heap address: 0x0000000601000000, size: 8176 MB, Compressed Oops mode: Zero based, Oop shift amount: 3

CDS archive(s) not mapped
Compressed class space mapped at: 0x0000000800000000-0x0000000840000000, reserved size: 1073741824
Narrow klass base: 0x0000000800000000, Narrow klass shift: 0, Narrow klass range: 0x40000000

GC Precious Log:
 CPUs: 12 total, 12 available
 Memory: 32702M
 Large Page Support: Disabled
 NUMA Support: Disabled
 Compressed Oops: Enabled (Zero based)
 Heap Region Size: 4M
 Heap Min Capacity: 8M
 Heap Initial Capacity: 512M
 Heap Max Capacity: 8176M
 Pre-touch: Disabled
 Parallel Workers: 10
 Concurrent Workers: 3
 Concurrent Refinement Workers: 10
 Periodic GC: Disabled

Heap:
 garbage-first heap   total 524288K, used 4096K [0x0000000601000000, 0x0000000800000000)
  region size 4096K, 2 young (8192K), 0 survivors (0K)
 Metaspace       used 11139K, committed 11264K, reserved 1114112K
  class space    used 1070K, committed 1152K, reserved 1048576K

Heap Regions: E=young(eden), S=young(survivor), O=old, HS=humongous(starts), HC=humongous(continues), CS=collection set, F=free, OA=open archive, CA=closed archive, TAMS=top-at-mark-start (previous, next)
|   0|0x0000000601000000, 0x0000000601000000, 0x0000000601400000|  0%| F|  |TAMS 0x0000000601000000, 0x0000000601000000| Untracked 
|   1|0x0000000601400000, 0x0000000601400000, 0x0000000601800000|  0%| F|  |TAMS 0x0000000601400000, 0x0000000601400000| Untracked 
|   2|0x0000000601800000, 0x0000000601800000, 0x0000000601c00000|  0%| F|  |TAMS 0x0000000601800000, 0x0000000601800000| Untracked 
|   3|0x0000000601c00000, 0x0000000601c00000, 0x0000000602000000|  0%| F|  |TAMS 0x0000000601c00000, 0x0000000601c00000| Untracked 
|   4|0x0000000602000000, 0x0000000602000000, 0x0000000602400000|  0%| F|  |TAMS 0x0000000602000000, 0x0000000602000000| Untracked 
|   5|0x0000000602400000, 0x0000000602400000, 0x0000000602800000|  0%| F|  |TAMS 0x0000000602400000, 0x0000000602400000| Untracked 
|   6|0x0000000602800000, 0x0000000602800000, 0x0000000602c00000|  0%| F|  |TAMS 0x0000000602800000, 0x0000000602800000| Untracked 
|   7|0x0000000602c00000, 0x0000000602c00000, 0x0000000603000000|  0%| F|  |TAMS 0x0000000602c00000, 0x0000000602c00000| Untracked 
|   8|0x0000000603000000, 0x0000000603000000, 0x0000000603400000|  0%| F|  |TAMS 0x0000000603000000, 0x0000000603000000| Untracked 
|   9|0x0000000603400000, 0x0000000603400000, 0x0000000603800000|  0%| F|  |TAMS 0x0000000603400000, 0x0000000603400000| Untracked 
|  10|0x0000000603800000, 0x0000000603800000, 0x0000000603c00000|  0%| F|  |TAMS 0x0000000603800000, 0x0000000603800000| Untracked 
|  11|0x0000000603c00000, 0x0000000603c00000, 0x0000000604000000|  0%| F|  |TAMS 0x0000000603c00000, 0x0000000603c00000| Untracked 
|  12|0x0000000604000000, 0x0000000604000000, 0x0000000604400000|  0%| F|  |TAMS 0x0000000604000000, 0x0000000604000000| Untracked 
|  13|0x0000000604400000, 0x0000000604400000, 0x0000000604800000|  0%| F|  |TAMS 0x0000000604400000, 0x0000000604400000| Untracked 
|  14|0x0000000604800000, 0x0000000604800000, 0x0000000604c00000|  0%| F|  |TAMS 0x0000000604800000, 0x0000000604800000| Untracked 
|  15|0x0000000604c00000, 0x0000000604c00000, 0x0000000605000000|  0%| F|  |TAMS 0x0000000604c00000, 0x0000000604c00000| Untracked 
|  16|0x0000000605000000, 0x0000000605000000, 0x0000000605400000|  0%| F|  |TAMS 0x0000000605000000, 0x0000000605000000| Untracked 
|  17|0x0000000605400000, 0x0000000605400000, 0x0000000605800000|  0%| F|  |TAMS 0x0000000605400000, 0x0000000605400000| Untracked 
|  18|0x0000000605800000, 0x0000000605800000, 0x0000000605c00000|  0%| F|  |TAMS 0x0000000605800000, 0x0000000605800000| Untracked 
|  19|0x0000000605c00000, 0x0000000605c00000, 0x0000000606000000|  0%| F|  |TAMS 0x0000000605c00000, 0x0000000605c00000| Untracked 
|  20|0x0000000606000000, 0x0000000606000000, 0x0000000606400000|  0%| F|  |TAMS 0x0000000606000000, 0x0000000606000000| Untracked 
|  21|0x0000000606400000, 0x0000000606400000, 0x0000000606800000|  0%| F|  |TAMS 0x0000000606400000, 0x0000000606400000| Untracked 
|  22|0x0000000606800000, 0x0000000606800000, 0x0000000606c00000|  0%| F|  |TAMS 0x0000000606800000, 0x0000000606800000| Untracked 
|  23|0x0000000606c00000, 0x0000000606c00000, 0x0000000607000000|  0%| F|  |TAMS 0x0000000606c00000, 0x0000000606c00000| Untracked 
|  24|0x0000000607000000, 0x0000000607000000, 0x0000000607400000|  0%| F|  |TAMS 0x0000000607000000, 0x0000000607000000| Untracked 
|  25|0x0000000607400000, 0x0000000607400000, 0x0000000607800000|  0%| F|  |TAMS 0x0000000607400000, 0x0000000607400000| Untracked 
|  26|0x0000000607800000, 0x0000000607800000, 0x0000000607c00000|  0%| F|  |TAMS 0x0000000607800000, 0x0000000607800000| Untracked 
|  27|0x0000000607c00000, 0x0000000607c00000, 0x0000000608000000|  0%| F|  |TAMS 0x0000000607c00000, 0x0000000607c00000| Untracked 
|  28|0x0000000608000000, 0x0000000608000000, 0x0000000608400000|  0%| F|  |TAMS 0x0000000608000000, 0x0000000608000000| Untracked 
|  29|0x0000000608400000, 0x0000000608400000, 0x0000000608800000|  0%| F|  |TAMS 0x0000000608400000, 0x0000000608400000| Untracked 
|  30|0x0000000608800000, 0x0000000608800000, 0x0000000608c00000|  0%| F|  |TAMS 0x0000000608800000, 0x0000000608800000| Untracked 
|  31|0x0000000608c00000, 0x0000000608c00000, 0x0000000609000000|  0%| F|  |TAMS 0x0000000608c00000, 0x0000000608c00000| Untracked 
|  32|0x0000000609000000, 0x0000000609000000, 0x0000000609400000|  0%| F|  |TAMS 0x0000000609000000, 0x0000000609000000| Untracked 
|  33|0x0000000609400000, 0x0000000609400000, 0x0000000609800000|  0%| F|  |TAMS 0x0000000609400000, 0x0000000609400000| Untracked 
|  34|0x0000000609800000, 0x0000000609800000, 0x0000000609c00000|  0%| F|  |TAMS 0x0000000609800000, 0x0000000609800000| Untracked 
|  35|0x0000000609c00000, 0x0000000609c00000, 0x000000060a000000|  0%| F|  |TAMS 0x0000000609c00000, 0x0000000609c00000| Untracked 
|  36|0x000000060a000000, 0x000000060a000000, 0x000000060a400000|  0%| F|  |TAMS 0x000000060a000000, 0x000000060a000000| Untracked 
|  37|0x000000060a400000, 0x000000060a400000, 0x000000060a800000|  0%| F|  |TAMS 0x000000060a400000, 0x000000060a400000| Untracked 
|  38|0x000000060a800000, 0x000000060a800000, 0x000000060ac00000|  0%| F|  |TAMS 0x000000060a800000, 0x000000060a800000| Untracked 
|  39|0x000000060ac00000, 0x000000060ac00000, 0x000000060b000000|  0%| F|  |TAMS 0x000000060ac00000, 0x000000060ac00000| Untracked 
|  40|0x000000060b000000, 0x000000060b000000, 0x000000060b400000|  0%| F|  |TAMS 0x000000060b000000, 0x000000060b000000| Untracked 
|  41|0x000000060b400000, 0x000000060b400000, 0x000000060b800000|  0%| F|  |TAMS 0x000000060b400000, 0x000000060b400000| Untracked 
|  42|0x000000060b800000, 0x000000060b800000, 0x000000060bc00000|  0%| F|  |TAMS 0x000000060b800000, 0x000000060b800000| Untracked 
|  43|0x000000060bc00000, 0x000000060bc00000, 0x000000060c000000|  0%| F|  |TAMS 0x000000060bc00000, 0x000000060bc00000| Untracked 
|  44|0x000000060c000000, 0x000000060c000000, 0x000000060c400000|  0%| F|  |TAMS 0x000000060c000000, 0x000000060c000000| Untracked 
|  45|0x000000060c400000, 0x000000060c400000, 0x000000060c800000|  0%| F|  |TAMS 0x000000060c400000, 0x000000060c400000| Untracked 
|  46|0x000000060c800000, 0x000000060c800000, 0x000000060cc00000|  0%| F|  |TAMS 0x000000060c800000, 0x000000060c800000| Untracked 
|  47|0x000000060cc00000, 0x000000060cc00000, 0x000000060d000000|  0%| F|  |TAMS 0x000000060cc00000, 0x000000060cc00000| Untracked 
|  48|0x000000060d000000, 0x000000060d000000, 0x000000060d400000|  0%| F|  |TAMS 0x000000060d000000, 0x000000060d000000| Untracked 
|  49|0x000000060d400000, 0x000000060d400000, 0x000000060d800000|  0%| F|  |TAMS 0x000000060d400000, 0x000000060d400000| Untracked 
|  50|0x000000060d800000, 0x000000060d800000, 0x000000060dc00000|  0%| F|  |TAMS 0x000000060d800000, 0x000000060d800000| Untracked 
|  51|0x000000060dc00000, 0x000000060dc00000, 0x000000060e000000|  0%| F|  |TAMS 0x000000060dc00000, 0x000000060dc00000| Untracked 
|  52|0x000000060e000000, 0x000000060e000000, 0x000000060e400000|  0%| F|  |TAMS 0x000000060e000000, 0x000000060e000000| Untracked 
|  53|0x000000060e400000, 0x000000060e400000, 0x000000060e800000|  0%| F|  |TAMS 0x000000060e400000, 0x000000060e400000| Untracked 
|  54|0x000000060e800000, 0x000000060e800000, 0x000000060ec00000|  0%| F|  |TAMS 0x000000060e800000, 0x000000060e800000| Untracked 
|  55|0x000000060ec00000, 0x000000060ec00000, 0x000000060f000000|  0%| F|  |TAMS 0x000000060ec00000, 0x000000060ec00000| Untracked 
|  56|0x000000060f000000, 0x000000060f000000, 0x000000060f400000|  0%| F|  |TAMS 0x000000060f000000, 0x000000060f000000| Untracked 
|  57|0x000000060f400000, 0x000000060f400000, 0x000000060f800000|  0%| F|  |TAMS 0x000000060f400000, 0x000000060f400000| Untracked 
|  58|0x000000060f800000, 0x000000060f800000, 0x000000060fc00000|  0%| F|  |TAMS 0x000000060f800000, 0x000000060f800000| Untracked 
|  59|0x000000060fc00000, 0x000000060fc00000, 0x0000000610000000|  0%| F|  |TAMS 0x000000060fc00000, 0x000000060fc00000| Untracked 
|  60|0x0000000610000000, 0x0000000610000000, 0x0000000610400000|  0%| F|  |TAMS 0x0000000610000000, 0x0000000610000000| Untracked 
|  61|0x0000000610400000, 0x0000000610400000, 0x0000000610800000|  0%| F|  |TAMS 0x0000000610400000, 0x0000000610400000| Untracked 
|  62|0x0000000610800000, 0x0000000610800000, 0x0000000610c00000|  0%| F|  |TAMS 0x0000000610800000, 0x0000000610800000| Untracked 
|  63|0x0000000610c00000, 0x0000000610c00000, 0x0000000611000000|  0%| F|  |TAMS 0x0000000610c00000, 0x0000000610c00000| Untracked 
|  64|0x0000000611000000, 0x0000000611000000, 0x0000000611400000|  0%| F|  |TAMS 0x0000000611000000, 0x0000000611000000| Untracked 
|  65|0x0000000611400000, 0x0000000611400000, 0x0000000611800000|  0%| F|  |TAMS 0x0000000611400000, 0x0000000611400000| Untracked 
|  66|0x0000000611800000, 0x0000000611800000, 0x0000000611c00000|  0%| F|  |TAMS 0x0000000611800000, 0x0000000611800000| Untracked 
|  67|0x0000000611c00000, 0x0000000611c00000, 0x0000000612000000|  0%| F|  |TAMS 0x0000000611c00000, 0x0000000611c00000| Untracked 
|  68|0x0000000612000000, 0x0000000612000000, 0x0000000612400000|  0%| F|  |TAMS 0x0000000612000000, 0x0000000612000000| Untracked 
|  69|0x0000000612400000, 0x0000000612400000, 0x0000000612800000|  0%| F|  |TAMS 0x0000000612400000, 0x0000000612400000| Untracked 
|  70|0x0000000612800000, 0x0000000612800000, 0x0000000612c00000|  0%| F|  |TAMS 0x0000000612800000, 0x0000000612800000| Untracked 
|  71|0x0000000612c00000, 0x0000000612c00000, 0x0000000613000000|  0%| F|  |TAMS 0x0000000612c00000, 0x0000000612c00000| Untracked 
|  72|0x0000000613000000, 0x0000000613000000, 0x0000000613400000|  0%| F|  |TAMS 0x0000000613000000, 0x0000000613000000| Untracked 
|  73|0x0000000613400000, 0x0000000613400000, 0x0000000613800000|  0%| F|  |TAMS 0x0000000613400000, 0x0000000613400000| Untracked 
|  74|0x0000000613800000, 0x0000000613800000, 0x0000000613c00000|  0%| F|  |TAMS 0x0000000613800000, 0x0000000613800000| Untracked 
|  75|0x0000000613c00000, 0x0000000613c00000, 0x0000000614000000|  0%| F|  |TAMS 0x0000000613c00000, 0x0000000613c00000| Untracked 
|  76|0x0000000614000000, 0x0000000614000000, 0x0000000614400000|  0%| F|  |TAMS 0x0000000614000000, 0x0000000614000000| Untracked 
|  77|0x0000000614400000, 0x0000000614400000, 0x0000000614800000|  0%| F|  |TAMS 0x0000000614400000, 0x0000000614400000| Untracked 
|  78|0x0000000614800000, 0x0000000614800000, 0x0000000614c00000|  0%| F|  |TAMS 0x0000000614800000, 0x0000000614800000| Untracked 
|  79|0x0000000614c00000, 0x0000000614c00000, 0x0000000615000000|  0%| F|  |TAMS 0x0000000614c00000, 0x0000000614c00000| Untracked 
|  80|0x0000000615000000, 0x0000000615000000, 0x0000000615400000|  0%| F|  |TAMS 0x0000000615000000, 0x0000000615000000| Untracked 
|  81|0x0000000615400000, 0x0000000615400000, 0x0000000615800000|  0%| F|  |TAMS 0x0000000615400000, 0x0000000615400000| Untracked 
|  82|0x0000000615800000, 0x0000000615800000, 0x0000000615c00000|  0%| F|  |TAMS 0x0000000615800000, 0x0000000615800000| Untracked 
|  83|0x0000000615c00000, 0x0000000615c00000, 0x0000000616000000|  0%| F|  |TAMS 0x0000000615c00000, 0x0000000615c00000| Untracked 
|  84|0x0000000616000000, 0x0000000616000000, 0x0000000616400000|  0%| F|  |TAMS 0x0000000616000000, 0x0000000616000000| Untracked 
|  85|0x0000000616400000, 0x0000000616400000, 0x0000000616800000|  0%| F|  |TAMS 0x0000000616400000, 0x0000000616400000| Untracked 
|  86|0x0000000616800000, 0x0000000616800000, 0x0000000616c00000|  0%| F|  |TAMS 0x0000000616800000, 0x0000000616800000| Untracked 
|  87|0x0000000616c00000, 0x0000000616c00000, 0x0000000617000000|  0%| F|  |TAMS 0x0000000616c00000, 0x0000000616c00000| Untracked 
|  88|0x0000000617000000, 0x0000000617000000, 0x0000000617400000|  0%| F|  |TAMS 0x0000000617000000, 0x0000000617000000| Untracked 
|  89|0x0000000617400000, 0x0000000617400000, 0x0000000617800000|  0%| F|  |TAMS 0x0000000617400000, 0x0000000617400000| Untracked 
|  90|0x0000000617800000, 0x0000000617800000, 0x0000000617c00000|  0%| F|  |TAMS 0x0000000617800000, 0x0000000617800000| Untracked 
|  91|0x0000000617c00000, 0x0000000617c00000, 0x0000000618000000|  0%| F|  |TAMS 0x0000000617c00000, 0x0000000617c00000| Untracked 
|  92|0x0000000618000000, 0x0000000618000000, 0x0000000618400000|  0%| F|  |TAMS 0x0000000618000000, 0x0000000618000000| Untracked 
|  93|0x0000000618400000, 0x0000000618400000, 0x0000000618800000|  0%| F|  |TAMS 0x0000000618400000, 0x0000000618400000| Untracked 
|  94|0x0000000618800000, 0x0000000618800000, 0x0000000618c00000|  0%| F|  |TAMS 0x0000000618800000, 0x0000000618800000| Untracked 
|  95|0x0000000618c00000, 0x0000000618c00000, 0x0000000619000000|  0%| F|  |TAMS 0x0000000618c00000, 0x0000000618c00000| Untracked 
|  96|0x0000000619000000, 0x0000000619000000, 0x0000000619400000|  0%| F|  |TAMS 0x0000000619000000, 0x0000000619000000| Untracked 
|  97|0x0000000619400000, 0x0000000619400000, 0x0000000619800000|  0%| F|  |TAMS 0x0000000619400000, 0x0000000619400000| Untracked 
|  98|0x0000000619800000, 0x0000000619800000, 0x0000000619c00000|  0%| F|  |TAMS 0x0000000619800000, 0x0000000619800000| Untracked 
|  99|0x0000000619c00000, 0x0000000619c00000, 0x000000061a000000|  0%| F|  |TAMS 0x0000000619c00000, 0x0000000619c00000| Untracked 
| 100|0x000000061a000000, 0x000000061a000000, 0x000000061a400000|  0%| F|  |TAMS 0x000000061a000000, 0x000000061a000000| Untracked 
| 101|0x000000061a400000, 0x000000061a400000, 0x000000061a800000|  0%| F|  |TAMS 0x000000061a400000, 0x000000061a400000| Untracked 
| 102|0x000000061a800000, 0x000000061a800000, 0x000000061ac00000|  0%| F|  |TAMS 0x000000061a800000, 0x000000061a800000| Untracked 
| 103|0x000000061ac00000, 0x000000061ac00000, 0x000000061b000000|  0%| F|  |TAMS 0x000000061ac00000, 0x000000061ac00000| Untracked 
| 104|0x000000061b000000, 0x000000061b000000, 0x000000061b400000|  0%| F|  |TAMS 0x000000061b000000, 0x000000061b000000| Untracked 
| 105|0x000000061b400000, 0x000000061b400000, 0x000000061b800000|  0%| F|  |TAMS 0x000000061b400000, 0x000000061b400000| Untracked 
| 106|0x000000061b800000, 0x000000061b800000, 0x000000061bc00000|  0%| F|  |TAMS 0x000000061b800000, 0x000000061b800000| Untracked 
| 107|0x000000061bc00000, 0x000000061bc00000, 0x000000061c000000|  0%| F|  |TAMS 0x000000061bc00000, 0x000000061bc00000| Untracked 
| 108|0x000000061c000000, 0x000000061c000000, 0x000000061c400000|  0%| F|  |TAMS 0x000000061c000000, 0x000000061c000000| Untracked 
| 109|0x000000061c400000, 0x000000061c400000, 0x000000061c800000|  0%| F|  |TAMS 0x000000061c400000, 0x000000061c400000| Untracked 
| 110|0x000000061c800000, 0x000000061c800000, 0x000000061cc00000|  0%| F|  |TAMS 0x000000061c800000, 0x000000061c800000| Untracked 
| 111|0x000000061cc00000, 0x000000061cc00000, 0x000000061d000000|  0%| F|  |TAMS 0x000000061cc00000, 0x000000061cc00000| Untracked 
| 112|0x000000061d000000, 0x000000061d000000, 0x000000061d400000|  0%| F|  |TAMS 0x000000061d000000, 0x000000061d000000| Untracked 
| 113|0x000000061d400000, 0x000000061d400000, 0x000000061d800000|  0%| F|  |TAMS 0x000000061d400000, 0x000000061d400000| Untracked 
| 114|0x000000061d800000, 0x000000061d800000, 0x000000061dc00000|  0%| F|  |TAMS 0x000000061d800000, 0x000000061d800000| Untracked 
| 115|0x000000061dc00000, 0x000000061dc00000, 0x000000061e000000|  0%| F|  |TAMS 0x000000061dc00000, 0x000000061dc00000| Untracked 
| 116|0x000000061e000000, 0x000000061e000000, 0x000000061e400000|  0%| F|  |TAMS 0x000000061e000000, 0x000000061e000000| Untracked 
| 117|0x000000061e400000, 0x000000061e400000, 0x000000061e800000|  0%| F|  |TAMS 0x000000061e400000, 0x000000061e400000| Untracked 
| 118|0x000000061e800000, 0x000000061e800000, 0x000000061ec00000|  0%| F|  |TAMS 0x000000061e800000, 0x000000061e800000| Untracked 
| 119|0x000000061ec00000, 0x000000061ec00000, 0x000000061f000000|  0%| F|  |TAMS 0x000000061ec00000, 0x000000061ec00000| Untracked 
| 120|0x000000061f000000, 0x000000061f000000, 0x000000061f400000|  0%| F|  |TAMS 0x000000061f000000, 0x000000061f000000| Untracked 
| 121|0x000000061f400000, 0x000000061f400000, 0x000000061f800000|  0%| F|  |TAMS 0x000000061f400000, 0x000000061f400000| Untracked 
| 122|0x000000061f800000, 0x000000061f800000, 0x000000061fc00000|  0%| F|  |TAMS 0x000000061f800000, 0x000000061f800000| Untracked 
| 123|0x000000061fc00000, 0x000000061fc00000, 0x0000000620000000|  0%| F|  |TAMS 0x000000061fc00000, 0x000000061fc00000| Untracked 
| 124|0x0000000620000000, 0x0000000620000000, 0x0000000620400000|  0%| F|  |TAMS 0x0000000620000000, 0x0000000620000000| Untracked 
| 125|0x0000000620400000, 0x0000000620400000, 0x0000000620800000|  0%| F|  |TAMS 0x0000000620400000, 0x0000000620400000| Untracked 
| 126|0x0000000620800000, 0x00000006209ec160, 0x0000000620c00000| 48%| E|  |TAMS 0x0000000620800000, 0x0000000620800000| Complete 
| 127|0x0000000620c00000, 0x0000000621000000, 0x0000000621000000|100%| E|CS|TAMS 0x0000000620c00000, 0x0000000620c00000| Complete 

Card table byte_map: [0x00000276799c0000,0x000002767a9c0000] _byte_map_base: 0x00000276769b8000

Marking Bits (Prev, Next): (CMBitMap*) 0x0000027674dac730, (CMBitMap*) 0x0000027674dac770
 Prev Bits: [0x000002760f000000, 0x0000027616fc0000)
 Next Bits: [0x0000027616fc0000, 0x000002761ef80000)

Polling page: 0x00000276744b0000

Metaspace:

Usage:
  Non-class:      9.83 MB used.
      Class:      1.04 MB used.
       Both:     10.88 MB used.

Virtual space:
  Non-class space:       64.00 MB reserved,       9.88 MB ( 15%) committed,  1 nodes.
      Class space:        1.00 GB reserved,       1.12 MB ( <1%) committed,  1 nodes.
             Both:        1.06 GB reserved,      11.00 MB (  1%) committed. 

Chunk freelists:
   Non-Class:  6.01 MB
       Class:  14.73 MB
        Both:  20.74 MB

MaxMetaspaceSize: unlimited
CompressedClassSpaceSize: 1.00 GB
Initial GC threshold: 21.00 MB
Current GC threshold: 21.00 MB
CDS: off
MetaspaceReclaimPolicy: balanced
 - commit_granule_bytes: 65536.
 - commit_granule_words: 8192.
 - virtual_space_node_default_size: 8388608.
 - enlarge_chunks_in_place: 1.
 - new_chunks_are_fully_committed: 0.
 - uncommit_free_chunks: 1.
 - use_allocation_guard: 0.
 - handle_deallocations: 1.


Internal statistics:

num_allocs_failed_limit: 0.
num_arena_births: 56.
num_arena_deaths: 0.
num_vsnodes_births: 2.
num_vsnodes_deaths: 0.
num_space_committed: 176.
num_space_uncommitted: 0.
num_chunks_returned_to_freelist: 0.
num_chunks_taken_from_freelist: 110.
num_chunk_merges: 0.
num_chunk_splits: 55.
num_chunks_enlarged: 32.
num_inconsistent_stats: 0.

CodeHeap 'non-profiled nmethods': size=120000Kb used=156Kb max_used=156Kb free=119843Kb
 bounds [0x0000027607ad0000, 0x0000027607d40000, 0x000002760f000000]
CodeHeap 'profiled nmethods': size=120000Kb used=765Kb max_used=765Kb free=119234Kb
 bounds [0x0000027600000000, 0x0000027600270000, 0x0000027607530000]
CodeHeap 'non-nmethods': size=5760Kb used=1150Kb max_used=1163Kb free=4609Kb
 bounds [0x0000027607530000, 0x00000276077a0000, 0x0000027607ad0000]
 total_blobs=962 nmethods=521 adapters=354
 compilation: enabled
              stopped_count=0, restarted_count=0
 full_count=0

Compilation events (20 events):
Event: 0.272 Thread 0x000002767e76a060 nmethod 510 0x00000276000b7990 code [0x00000276000b7be0, 0x00000276000b8328]
Event: 0.272 Thread 0x000002767e76a060  511       3       jdk.internal.org.objectweb.asm.SymbolTable::hash (15 bytes)
Event: 0.272 Thread 0x000002767e76a060 nmethod 511 0x00000276000b8790 code [0x00000276000b8940, 0x00000276000b8ad8]
Event: 0.273 Thread 0x000002767e765aa0 nmethod 512% 0x0000027607af6b10 code [0x0000027607af6ca0, 0x0000027607af6e98]
Event: 0.273 Thread 0x000002767e76a060  513       3       java.util.Objects::checkFromIndexSize (8 bytes)
Event: 0.273 Thread 0x000002767e76a060 nmethod 513 0x00000276000b8c10 code [0x00000276000b8dc0, 0x00000276000b8fe8]
Event: 0.273 Thread 0x000002767e76a060  514       3       jdk.internal.util.Preconditions::checkFromIndexSize (25 bytes)
Event: 0.273 Thread 0x000002767e76a060 nmethod 514 0x00000276000b9110 code [0x00000276000b92c0, 0x00000276000b9488]
Event: 0.275 Thread 0x000002767e76a060  516       3       java.lang.invoke.LambdaForm$NamedFunction::methodType (23 bytes)
Event: 0.275 Thread 0x000002767e76a060 nmethod 516 0x00000276000b9590 code [0x00000276000b9740, 0x00000276000b99a8]
Event: 0.275 Thread 0x000002767e76a060  517       3       jdk.internal.org.objectweb.asm.Type::getArgumentsAndReturnSizes (140 bytes)
Event: 0.276 Thread 0x000002767e76a060 nmethod 517 0x00000276000b9a90 code [0x00000276000b9e80, 0x00000276000bbcd8]
Event: 0.276 Thread 0x000002767e76a060  518       3       jdk.internal.org.objectweb.asm.Frame::pop (42 bytes)
Event: 0.276 Thread 0x000002767e76a060 nmethod 518 0x00000276000bc810 code [0x00000276000bc9c0, 0x00000276000bcb78]
Event: 0.277 Thread 0x000002767e76a060  519       3       java.lang.Class::getPackageName (81 bytes)
Event: 0.278 Thread 0x000002767e76a060 nmethod 519 0x00000276000bcc90 code [0x00000276000bcf20, 0x00000276000bd9e8]
Event: 0.278 Thread 0x000002767e76a060  520       3       java.lang.invoke.MethodHandle::<init> (37 bytes)
Event: 0.278 Thread 0x000002767e76a060 nmethod 520 0x00000276000bdd90 code [0x00000276000bdfa0, 0x00000276000be538]
Event: 0.278 Thread 0x000002767e76a060  521       3       java.lang.invoke.LambdaForm::prepare (112 bytes)
Event: 0.278 Thread 0x000002767e76a060 nmethod 521 0x00000276000be790 code [0x00000276000be9c0, 0x00000276000bf238]

GC Heap History (0 events):
No events

Dll operation events (1 events):
Event: 0.005 Loaded shared library F:\javadev\IntelliJ IDEA 2023.2.5\jbr\bin\java.dll

Deoptimization events (2 events):
Event: 0.242 Thread 0x0000027674cfd170 DEOPT PACKING pc=0x0000027600030fad sp=0x000000814fafdcd0
Event: 0.242 Thread 0x0000027674cfd170 DEOPT UNPACKING pc=0x0000027607587143 sp=0x000000814fafd168 mode 0

Classes unloaded (0 events):
No events

Classes redefined (0 events):
No events

Internal exceptions (16 events):
Event: 0.159 Thread 0x0000027674cfd170 Exception <a 'sun/nio/fs/WindowsException'{0x0000000620eefff8}> (0x0000000620eefff8) 
thrown [s\src\hotspot\share\prims\jni.cpp, line 517]
Event: 0.172 Thread 0x0000027674cfd170 Exception <a 'java/lang/NoSuchMethodError'{0x0000000620f1b1d8}: 'int java.lang.invoke.DirectMethodHandle$Holder.invokeStaticInit(java.lang.Object, java.lang.Object, java.lang.Object, java.lang.Object)'> (0x0000000620f1b1d8) 
thrown [s\src\hotspot\share\interpreter\linkResolver.cpp, line 771]
Event: 0.173 Thread 0x0000027674cfd170 Exception <a 'java/lang/NoSuchMethodError'{0x0000000620f25e38}: 'java.lang.Object java.lang.invoke.DirectMethodHandle$Holder.invokeInterface(java.lang.Object, java.lang.Object)'> (0x0000000620f25e38) 
thrown [s\src\hotspot\share\interpreter\linkResolver.cpp, line 771]
Event: 0.173 Thread 0x0000027674cfd170 Exception <a 'java/lang/IncompatibleClassChangeError'{0x0000000620f29758}: Found class java.lang.Object, but interface was expected> (0x0000000620f29758) 
thrown [s\src\hotspot\share\interpreter\linkResolver.cpp, line 838]
Event: 0.174 Thread 0x0000027674cfd170 Exception <a 'java/lang/NoSuchMethodError'{0x0000000620f2cb78}: 'void java.lang.invoke.DirectMethodHandle$Holder.invokeStatic(java.lang.Object, java.lang.Object)'> (0x0000000620f2cb78) 
thrown [s\src\hotspot\share\interpreter\linkResolver.cpp, line 771]
Event: 0.174 Thread 0x0000027674cfd170 Exception <a 'java/lang/NoSuchMethodError'{0x0000000620f30490}: 'void java.lang.invoke.DirectMethodHandle$Holder.invokeStaticInit(java.lang.Object, java.lang.Object)'> (0x0000000620f30490) 
thrown [s\src\hotspot\share\interpreter\linkResolver.cpp, line 771]
Event: 0.175 Thread 0x0000027674cfd170 Exception <a 'java/lang/NoSuchMethodError'{0x0000000620f36d08}: 'int java.lang.invoke.DirectMethodHandle$Holder.invokeStaticInit(java.lang.Object, java.lang.Object)'> (0x0000000620f36d08) 
thrown [s\src\hotspot\share\interpreter\linkResolver.cpp, line 771]
Event: 0.202 Thread 0x0000027674cfd170 Exception <a 'java/lang/NoSuchMethodError'{0x000000062081e598}: 'java.lang.Object java.lang.invoke.DirectMethodHandle$Holder.invokeStaticInit(java.lang.Object, int, int, int, int)'> (0x000000062081e598) 
thrown [s\src\hotspot\share\interpreter\linkResolver.cpp, line 771]
Event: 0.243 Thread 0x0000027674cfd170 Exception <a 'java/lang/NoSuchMethodError'{0x0000000620882618}: 'java.lang.Object java.lang.invoke.DirectMethodHandle$Holder.invokeStaticInit(java.lang.Object, java.lang.Object, int, int, int, int)'> (0x0000000620882618) 
thrown [s\src\hotspot\share\interpreter\linkResolver.cpp, line 771]
Event: 0.250 Thread 0x0000027674cfd170 Exception <a 'java/lang/NoSuchMethodError'{0x00000006208eb3e0}: 'java.lang.Object java.lang.invoke.DirectMethodHandle$Holder.invokeStatic(java.lang.Object, java.lang.Object, int)'> (0x00000006208eb3e0) 
thrown [s\src\hotspot\share\interpreter\linkResolver.cpp, line 771]
Event: 0.250 Thread 0x0000027674cfd170 Exception <a 'java/lang/NoSuchMethodError'{0x00000006208eeb58}: 'java.lang.Object java.lang.invoke.DirectMethodHandle$Holder.invokeStaticInit(java.lang.Object, java.lang.Object, int)'> (0x00000006208eeb58) 
thrown [s\src\hotspot\share\interpreter\linkResolver.cpp, line 771]
Event: 0.251 Thread 0x0000027674cfd170 Exception <a 'java/lang/NoSuchMethodError'{0x00000006208f4f08}: 'java.lang.Object java.lang.invoke.DirectMethodHandle$Holder.newInvokeSpecial(java.lang.Object, java.lang.Object, int)'> (0x00000006208f4f08) 
thrown [s\src\hotspot\share\interpreter\linkResolver.cpp, line 771]
Event: 0.253 Thread 0x0000027674cfd170 Exception <a 'java/lang/NoSuchMethodError'{0x0000000620904a08}: 'int java.lang.invoke.DirectMethodHandle$Holder.invokeStaticInit(java.lang.Object, java.lang.Object, java.lang.Object)'> (0x0000000620904a08) 
thrown [s\src\hotspot\share\interpreter\linkResolver.cpp, line 771]
Event: 0.254 Thread 0x0000027674cfd170 Exception <a 'java/lang/NoSuchMethodError'{0x0000000620914be8}: 'int java.lang.invoke.DirectMethodHandle$Holder.invokeSpecial(java.lang.Object, java.lang.Object, java.lang.Object)'> (0x0000000620914be8) 
thrown [s\src\hotspot\share\interpreter\linkResolver.cpp, line 771]
Event: 0.255 Thread 0x0000027674cfd170 Exception <a 'java/lang/NoSuchMethodError'{0x000000062091cfc8}: 'int java.lang.invoke.DirectMethodHandle$Holder.invokeSpecialIFC(java.lang.Object, java.lang.Object, java.lang.Object)'> (0x000000062091cfc8) 
thrown [s\src\hotspot\share\interpreter\linkResolver.cpp, line 771]
Event: 0.275 Thread 0x0000027674cfd170 Exception <a 'java/lang/NoSuchMethodError'{0x00000006209a9358}: 'java.lang.Object java.lang.invoke.DirectMethodHandle$Holder.invokeStaticInit(java.lang.Object)'> (0x00000006209a9358) 
thrown [s\src\hotspot\share\interpreter\linkResolver.cpp, line 771]

VM Operations (8 events):
Event: 0.086 Executing VM operation: HandshakeAllThreads
Event: 0.086 Executing VM operation: HandshakeAllThreads done
Event: 0.097 Executing VM operation: HandshakeAllThreads
Event: 0.097 Executing VM operation: HandshakeAllThreads done
Event: 0.212 Executing VM operation: HandshakeAllThreads
Event: 0.212 Executing VM operation: HandshakeAllThreads done
Event: 0.277 Executing VM operation: HandshakeAllThreads
Event: 0.277 Executing VM operation: HandshakeAllThreads done

Events (20 events):
Event: 0.280 loading class sun/security/ssl/Authenticator$MAC done
Event: 0.280 loading class sun/security/ssl/Authenticator$SSLNullAuthenticator
Event: 0.280 loading class sun/security/ssl/Authenticator$SSLAuthenticator
Event: 0.280 loading class sun/security/ssl/Authenticator$SSLAuthenticator done
Event: 0.280 loading class sun/security/ssl/Authenticator$SSLNullAuthenticator done
Event: 0.280 loading class sun/security/ssl/Authenticator$SSLNullMac done
Event: 0.280 loading class sun/security/ssl/Authenticator$MacImpl
Event: 0.280 loading class sun/security/ssl/Authenticator$MacImpl done
Event: 0.280 loading class sun/security/ssl/SSLCipher$NullReadCipherGenerator$NullReadCipher
Event: 0.280 loading class sun/security/ssl/SSLCipher$NullReadCipherGenerator$NullReadCipher done
Event: 0.280 loading class sun/security/ssl/SSLSocketOutputRecord
Event: 0.280 loading class sun/security/ssl/OutputRecord
Event: 0.280 loading class sun/security/ssl/OutputRecord done
Event: 0.280 loading class sun/security/ssl/SSLSocketOutputRecord done
Event: 0.281 loading class sun/security/ssl/SSLHandshake
Event: 0.281 loading class sun/security/ssl/SSLConsumer
Event: 0.281 loading class sun/security/ssl/SSLConsumer done
Event: 0.281 loading class sun/security/ssl/HandshakeProducer
Event: 0.281 loading class sun/security/ssl/HandshakeProducer done
Event: 0.281 loading class sun/security/ssl/SSLHandshake done


Dynamic libraries:
0x00007ff665e90000 - 0x00007ff665e9a000 	F:\javadev\IntelliJ IDEA 2023.2.5\jbr\bin\java.exe
0x00007ffbeac70000 - 0x00007ffbeae87000 	C:\WINDOWS\SYSTEM32\ntdll.dll
0x00007ffbe98d0000 - 0x00007ffbe9994000 	C:\WINDOWS\System32\KERNEL32.DLL
0x00007ffbe8610000 - 0x00007ffbe89b6000 	C:\WINDOWS\System32\KERNELBASE.dll
0x00007ffbe7fe0000 - 0x00007ffbe80f1000 	C:\WINDOWS\System32\ucrtbase.dll
0x00007ffbbb370000 - 0x00007ffbbb387000 	F:\javadev\IntelliJ IDEA 2023.2.5\jbr\bin\jli.dll
0x00007ffbbe380000 - 0x00007ffbbe39b000 	F:\javadev\IntelliJ IDEA 2023.2.5\jbr\bin\VCRUNTIME140.dll
0x00007ffbe9ee0000 - 0x00007ffbea08e000 	C:\WINDOWS\System32\USER32.dll
0x00007ffbe7fb0000 - 0x00007ffbe7fd6000 	C:\WINDOWS\System32\win32u.dll
0x00007ffbd3f40000 - 0x00007ffbd41d3000 	C:\WINDOWS\WinSxS\amd64_microsoft.windows.common-controls_6595b64144ccf1df_6.0.22621.2506_none_270c5ae97388e100\COMCTL32.dll
0x00007ffbe95a0000 - 0x00007ffbe95c9000 	C:\WINDOWS\System32\GDI32.dll
0x00007ffbe99a0000 - 0x00007ffbe9a47000 	C:\WINDOWS\System32\msvcrt.dll
0x00007ffbe8240000 - 0x00007ffbe8358000 	C:\WINDOWS\System32\gdi32full.dll
0x00007ffbe8170000 - 0x00007ffbe820a000 	C:\WINDOWS\System32\msvcp_win.dll
0x00007ffbe9010000 - 0x00007ffbe9041000 	C:\WINDOWS\System32\IMM32.DLL
0x00007ffbdfb40000 - 0x00007ffbdfb4c000 	F:\javadev\IntelliJ IDEA 2023.2.5\jbr\bin\vcruntime140_1.dll
0x00007ffbbb9c0000 - 0x00007ffbbba4d000 	F:\javadev\IntelliJ IDEA 2023.2.5\jbr\bin\msvcp140.dll
0x00007ffb39fd0000 - 0x00007ffb3ac53000 	F:\javadev\IntelliJ IDEA 2023.2.5\jbr\bin\server\jvm.dll
0x00007ffbe8c00000 - 0x00007ffbe8cb3000 	C:\WINDOWS\System32\ADVAPI32.dll
0x00007ffbeab80000 - 0x00007ffbeac28000 	C:\WINDOWS\System32\sechost.dll
0x00007ffbe8210000 - 0x00007ffbe8238000 	C:\WINDOWS\System32\bcrypt.dll
0x00007ffbe89c0000 - 0x00007ffbe8ad7000 	C:\WINDOWS\System32\RPCRT4.dll
0x00007ffbe71d0000 - 0x00007ffbe721d000 	C:\WINDOWS\SYSTEM32\POWRPROF.dll
0x00007ffbe15b0000 - 0x00007ffbe15e4000 	C:\WINDOWS\SYSTEM32\WINMM.dll
0x00007ffbc8c90000 - 0x00007ffbc8c99000 	C:\WINDOWS\SYSTEM32\WSOCK32.dll
0x00007ffbe15a0000 - 0x00007ffbe15aa000 	C:\WINDOWS\SYSTEM32\VERSION.dll
0x00007ffbea140000 - 0x00007ffbea1b1000 	C:\WINDOWS\System32\WS2_32.dll
0x00007ffbe71b0000 - 0x00007ffbe71c3000 	C:\WINDOWS\SYSTEM32\UMPDC.dll
0x00007ffbe7050000 - 0x00007ffbe7068000 	C:\WINDOWS\SYSTEM32\kernel.appcore.dll
0x00007ffbe4340000 - 0x00007ffbe434a000 	F:\javadev\IntelliJ IDEA 2023.2.5\jbr\bin\jimage.dll
0x00007ffbe57d0000 - 0x00007ffbe5a03000 	C:\WINDOWS\SYSTEM32\DBGHELP.DLL
0x00007ffbe9a50000 - 0x00007ffbe9dd9000 	C:\WINDOWS\System32\combase.dll
0x00007ffbe8cc0000 - 0x00007ffbe8d97000 	C:\WINDOWS\System32\OLEAUT32.dll
0x00007ffbdfcc0000 - 0x00007ffbdfcf2000 	C:\WINDOWS\SYSTEM32\dbgcore.DLL
0x00007ffbe8360000 - 0x00007ffbe83da000 	C:\WINDOWS\System32\bcryptPrimitives.dll
0x00007ffbbbb50000 - 0x00007ffbbbb75000 	F:\javadev\IntelliJ IDEA 2023.2.5\jbr\bin\java.dll
0x00007ffbbbb90000 - 0x00007ffbbbba8000 	F:\javadev\IntelliJ IDEA 2023.2.5\jbr\bin\zip.dll
0x00007ffbea310000 - 0x00007ffbeab6a000 	C:\WINDOWS\System32\SHELL32.dll
0x00007ffbe5eb0000 - 0x00007ffbe67a6000 	C:\WINDOWS\SYSTEM32\windows.storage.dll
0x00007ffbe5a10000 - 0x00007ffbe5b4e000 	C:\WINDOWS\SYSTEM32\wintypes.dll
0x00007ffbe8b00000 - 0x00007ffbe8bf3000 	C:\WINDOWS\System32\SHCORE.dll
0x00007ffbe94d0000 - 0x00007ffbe952e000 	C:\WINDOWS\System32\shlwapi.dll
0x00007ffbe7ee0000 - 0x00007ffbe7f06000 	C:\WINDOWS\SYSTEM32\profapi.dll
0x00007ffbbbad0000 - 0x00007ffbbbae9000 	F:\javadev\IntelliJ IDEA 2023.2.5\jbr\bin\net.dll
0x00007ffbe1420000 - 0x00007ffbe1557000 	C:\WINDOWS\SYSTEM32\WINHTTP.dll
0x00007ffbe7550000 - 0x00007ffbe75b9000 	C:\WINDOWS\system32\mswsock.dll
0x00007ffbbbab0000 - 0x00007ffbbbac6000 	F:\javadev\IntelliJ IDEA 2023.2.5\jbr\bin\nio.dll
0x00007ffbe77a0000 - 0x00007ffbe77bb000 	C:\WINDOWS\SYSTEM32\CRYPTSP.dll
0x00007ffbe6fb0000 - 0x00007ffbe6fe5000 	C:\WINDOWS\system32\rsaenh.dll
0x00007ffbe7640000 - 0x00007ffbe766c000 	C:\WINDOWS\SYSTEM32\USERENV.dll
0x00007ffbe77c0000 - 0x00007ffbe77cc000 	C:\WINDOWS\SYSTEM32\CRYPTBASE.dll
0x00007ffbe6a60000 - 0x00007ffbe6a8d000 	C:\WINDOWS\SYSTEM32\IPHLPAPI.DLL
0x00007ffbe9530000 - 0x00007ffbe9539000 	C:\WINDOWS\System32\NSI.dll
0x00007ffbe1000000 - 0x00007ffbe1019000 	C:\WINDOWS\SYSTEM32\dhcpcsvc6.DLL
0x00007ffbe0f20000 - 0x00007ffbe0f3f000 	C:\WINDOWS\SYSTEM32\dhcpcsvc.DLL
0x00007ffbe6ad0000 - 0x00007ffbe6bc9000 	C:\WINDOWS\SYSTEM32\DNSAPI.dll

dbghelp: loaded successfully - version: 4.0.5 - missing functions: none
symbol engine: initialized successfully - sym options: 0x614 - pdb path: .;F:\javadev\IntelliJ IDEA 2023.2.5\jbr\bin;C:\WINDOWS\SYSTEM32;C:\WINDOWS\WinSxS\amd64_microsoft.windows.common-controls_6595b64144ccf1df_6.0.22621.2506_none_270c5ae97388e100;F:\javadev\IntelliJ IDEA 2023.2.5\jbr\bin\server

VM Arguments:
java_command: git4idea.http.GitAskPassApp Username for 'https://github.com': 
java_class_path (initial): F:/javadev/IntelliJ IDEA 2023.2.5/plugins/vcs-git/lib/git4idea-rt.jar;F:/javadev/IntelliJ IDEA 2023.2.5/lib/externalProcess-rt.jar
Launcher Type: SUN_STANDARD

[Global flags]
     intx CICompilerCount                          = 4                                         {product} {ergonomic}
     uint ConcGCThreads                            = 3                                         {product} {ergonomic}
     uint G1ConcRefinementThreads                  = 10                                        {product} {ergonomic}
   size_t G1HeapRegionSize                         = 4194304                                   {product} {ergonomic}
    uintx GCDrainStackTargetSize                   = 64                                        {product} {ergonomic}
   size_t InitialHeapSize                          = 536870912                                 {product} {ergonomic}
   size_t MarkStackSize                            = 4194304                                   {product} {ergonomic}
   size_t MaxHeapSize                              = 8573157376                                {product} {ergonomic}
   size_t MaxNewSize                               = 5142216704                                {product} {ergonomic}
   size_t MinHeapDeltaBytes                        = 4194304                                   {product} {ergonomic}
   size_t MinHeapSize                              = 8388608                                   {product} {ergonomic}
    uintx NonNMethodCodeHeapSize                   = 5839372                                {pd product} {ergonomic}
    uintx NonProfiledCodeHeapSize                  = 122909434                              {pd product} {ergonomic}
    uintx ProfiledCodeHeapSize                     = 122909434                              {pd product} {ergonomic}
    uintx ReservedCodeCacheSize                    = 251658240                              {pd product} {ergonomic}
     bool SegmentedCodeCache                       = true                                      {product} {ergonomic}
   size_t SoftMaxHeapSize                          = 8573157376                             {manageable} {ergonomic}
     bool UseCompressedClassPointers               = true                           {product lp64_product} {ergonomic}
     bool UseCompressedOops                        = true                           {product lp64_product} {ergonomic}
     bool UseG1GC                                  = true                                      {product} {ergonomic}
     bool UseLargePagesIndividualAllocation        = false                                  {pd product} {ergonomic}

Logging:
Log output configuration:
 #0: stdout all=warning uptime,level,tags
 #1: stderr all=off uptime,level,tags

Environment Variables:
PATH=F:\Git\mingw64\libexec\git-core;F:\Git\mingw64\libexec\git-core;F:\Git\mingw64\bin;F:\Git\usr\bin;C:\Users\Owner\bin;C:\Program Files\Oculus\Support\oculus-runtime;C:\Program Files\Common Files\Oracle\Java\javapath;C:\Windows\system32;C:\Windows;C:\Windows\System32\Wbem;C:\Windows\System32\WindowsPowerShell\v1.0;C:\Windows\System32\OpenSSH;C:\Program Files\NVIDIA Corporation\NVIDIA NvDLISR;C:\WINDOWS\system32;C:\WINDOWS;C:\WINDOWS\System32\Wbem;C:\WINDOWS\System32\WindowsPowerShell\v1.0;C:\WINDOWS\System32\OpenSSH;C:\Program Files (x86)\NVIDIA Corporation\PhysX\Common;C:\WINDOWS\system32;C:\WINDOWS;C:\WINDOWS\System32\Wbem;C:\WINDOWS\System32\WindowsPowerShell\v1.0;C:\WINDOWS\System32\OpenSSH;F:\Git\cmd;C:\Program Files\Docker\Docker\resources\bin;F:\node;C:\ProgramData\chocolatey\bin;C:\Program Files\dotnet;C:\Program Files\Cloudflare\Cloudflare WARP;C:\Users\Owner\AppData\Local\Programs\Python\Launcher;C:\Users\Owner\AppData\Local\Microsoft\WindowsApps;C:\Users\Owner\AppData\Local\Microsoft\WindowsApps;F:\Microsoft VS Code\bin;C:\Users\Owner\AppData\Roaming\npm;C:\users\owner\.local\bin;C:\users\owner\appdata\local\packages\pythonsoftwarefoundation.python.3.10_qbz5n2kfra8p0\localcache\local-packages\python310\scripts
USERNAME=Owner
DISPLAY=:0.0
LC_ALL=en_US.UTF-8
TERM=xterm-256color
TMPDIR=C:\Users\Owner\AppData\Local\Temp
OS=Windows_NT
PROCESSOR_IDENTIFIER=Intel64 Family 6 Model 158 Stepping 10, GenuineIntel
TMP=C:\Users\Owner\AppData\Local\Temp
TEMP=C:\Users\Owner\AppData\Local\Temp



Periodic native trim disabled

JNI global refs:
JNI global refs: 18, weak refs: 0

JNI global refs memory usage: 843, weak refs: 209

OOME stack traces (most recent first):
Classloader memory used:
Loader bootstrap                                                                       : 1356K
Loader jdk.internal.loader.ClassLoaders$PlatformClassLoader                            : 34545B
Loader jdk.internal.loader.ClassLoaders$AppClassLoader                                 : 1808B


---------------  S Y S T E M  ---------------

OS:
 Windows 11 , 64 bit Build 22621 (10.0.22621.2506)
OS uptime: 12 days 20:09 hours

CPU: total 12 (initial active 12) (6 cores per cpu, 2 threads per core) family 6 model 158 stepping 10 microcode 0xde, cx8, cmov, fxsr, ht, mmx, 3dnowpref, sse, sse2, sse3, ssse3, sse4.1, sse4.2, popcnt, lzcnt, tsc, tscinvbit, avx, avx2, aes, erms, clmul, bmi1, bmi2, rtm, adx, fma, vzeroupper, clflush, clflushopt
Processor Information for all 12 processors :
  Max Mhz: 3696, Current Mhz: 3696, Mhz Limit: 3696

Memory: 4k page, system-wide physical 32702M (2422M free)
TotalPageFile size 64169M (AvailPageFile size 6M)
current process WorkingSet (physical memory assigned to process): 51M, peak: 51M
current process commit charge ("private bytes"): 617M, peak: 618M

vm_info: OpenJDK 64-Bit Server VM (17.0.9+7-b1000.46) for windows-amd64 JRE (17.0.9+7-b1000.46), built on 2023-10-27 by "builduser" with MS VC++ 16.10 / 16.11 (VS2019)

END.
