#
# There is insufficient memory for the Java Runtime Environment to continue.
# Native memory allocation (mmap) failed to map 536870912 bytes for G1 virtual space
# Possible reasons:
#   The system is out of physical RAM or swap space
#   The process is running with CompressedOops enabled, and the Java Heap may be blocking the growth of the native heap
# Possible solutions:
#   Reduce memory load on the system
#   Increase physical memory or swap space
#   Check if swap backing store is full
#   Decrease Java heap size (-Xmx/-Xms)
#   Decrease number of Java threads
#   Decrease Java thread stack sizes (-Xss)
#   Set larger code cache with -XX:ReservedCodeCacheSize=
#   JVM is running with Zero Based Compressed Oops mode in which the Java heap is
#     placed in the first 32GB address space. The Java Heap base address is the
#     maximum limit for the native heap growth. Please use -XX:HeapBaseMinAddress
#     to set the Java Heap base and to place the Java Heap above 32GB virtual address.
# This output file may be truncated or incomplete.
#
#  Out of Memory Error (os_windows.cpp:3825), pid=15860, tid=23644
#
# JRE version:  (17.0.9+7) (build )
# Java VM: OpenJDK 64-Bit Server VM (17.0.9+7-b1000.46, mixed mode, sharing, tiered, compressed oops, compressed class ptrs, g1 gc, windows-amd64)
# No core dump will be written. Minidumps are not enabled by default on client versions of Windows
#

---------------  S U M M A R Y ------------

Command Line: git4idea.http.GitAskPassApp Username for 'https://github.com': 

Host: Intel(R) Core(TM) i7-8700K CPU @ 3.70GHz, 12 cores, 31G,  Windows 11 , 64 bit Build 22621 (10.0.22621.3374)
Time: Sat Apr 20 16:19:02 2024 Central Daylight Time elapsed time: 0.015989 seconds (0d 0h 0m 0s)

---------------  T H R E A D  ---------------

Current thread (0x000001b70ca6ba70):  JavaThread "Unknown thread" [_thread_in_vm, id=23644, stack(0x0000000de5f00000,0x0000000de6000000)]

Stack: [0x0000000de5f00000,0x0000000de6000000]
Native frames: (J=compiled Java code, j=interpreted, Vv=VM code, C=native code)
V  [jvm.dll+0x6886e9]
V  [jvm.dll+0x841e4a]
V  [jvm.dll+0x843a8e]
V  [jvm.dll+0x8440f3]
V  [jvm.dll+0x24c14f]
V  [jvm.dll+0x685499]
V  [jvm.dll+0x679c2a]
V  [jvm.dll+0x30cf9b]
V  [jvm.dll+0x314446]
V  [jvm.dll+0x36425e]
V  [jvm.dll+0x36448f]
V  [jvm.dll+0x2e2d68]
V  [jvm.dll+0x2e3cd4]
V  [jvm.dll+0x8129f1]
V  [jvm.dll+0x3720c1]
V  [jvm.dll+0x7f152c]
V  [jvm.dll+0x3f5d4f]
V  [jvm.dll+0x3f7981]
C  [jli.dll+0x528f]
C  [ucrtbase.dll+0x29333]
C  [KERNEL32.DLL+0x1257d]
C  [ntdll.dll+0x5aa48]


---------------  P R O C E S S  ---------------

Threads class SMR info:
_java_thread_list=0x00007ffda4aaef18, length=0, elements={
}

Java Threads: ( => current thread )

Other Threads:
  0x000001b70cb179f0 GCTaskThread "GC Thread#0" [stack: 0x0000000de6000000,0x0000000de6100000] [id=32992]
  0x000001b7326bc280 ConcurrentGCThread "G1 Main Marker" [stack: 0x0000000de6100000,0x0000000de6200000] [id=14180]
  0x000001b7326bcca0 ConcurrentGCThread "G1 Conc#0" [stack: 0x0000000de6200000,0x0000000de6300000] [id=5900]

[error occurred during error reporting (printing all threads), id 0xc0000005, EXCEPTION_ACCESS_VIOLATION (0xc0000005) at pc=0x00007ffda4263937]

VM state: not at safepoint (not fully initialized)

VM Mutex/Monitor currently owned by a thread:  ([mutex/lock_event])
[0x000001b70ca682e0] Heap_lock - owner thread: 0x000001b70ca6ba70

Heap address: 0x0000000601000000, size: 8176 MB, Compressed Oops mode: Zero based, Oop shift amount: 3

CDS archive(s) mapped at: [0x0000000000000000-0x0000000000000000-0x0000000000000000), size 0, SharedBaseAddress: 0x0000000800000000, ArchiveRelocationMode: 1.
Narrow klass base: 0x0000000000000000, Narrow klass shift: 0, Narrow klass range: 0x0

GC Precious Log:
<Empty>

Heap:
 garbage-first heap   total 0K, used 0K [0x0000000601000000, 0x0000000800000000)
  region size 4096K, 0 young (0K), 0 survivors (0K)
 Metaspace       used 0K, committed 0K, reserved 0K
  class space    used 0K, committed 0K, reserved 0K

Heap Regions: E=young(eden), S=young(survivor), O=old, HS=humongous(starts), HC=humongous(continues), CS=collection set, F=free, OA=open archive, CA=closed archive, TAMS=top-at-mark-start (previous, next)

Card table byte_map: [0x000001b720730000,0x000001b721730000] _byte_map_base: 0x000001b71d728000

Marking Bits (Prev, Next): (CMBitMap*) 0x000001b70cb19020, (CMBitMap*) 0x000001b70cb19060
 Prev Bits: [0x000001b722730000, 0x000001b72a6f0000)
 Next Bits: [0x000001b72a6f0000, 0x000001b7326b0000)

GC Heap History (0 events):
No events

Dll operation events (1 events):
Event: 0.011 Loaded shared library F:\javadev\IntelliJ IDEA 2023.2.5\jbr\bin\java.dll

Deoptimization events (0 events):
No events

Classes unloaded (0 events):
No events

Classes redefined (0 events):
No events

Internal exceptions (0 events):
No events

VM Operations (0 events):
No events

Events (0 events):
No events


Dynamic libraries:
0x00007ff75f0a0000 - 0x00007ff75f0aa000 	F:\javadev\IntelliJ IDEA 2023.2.5\jbr\bin\java.exe
0x00007fff03f50000 - 0x00007fff04166000 	C:\WINDOWS\SYSTEM32\ntdll.dll
0x00007fff03010000 - 0x00007fff030d4000 	C:\WINDOWS\System32\KERNEL32.DLL
0x00007fff013c0000 - 0x00007fff01767000 	C:\WINDOWS\System32\KERNELBASE.dll
0x00007fff01af0000 - 0x00007fff01c01000 	C:\WINDOWS\System32\ucrtbase.dll
0x00007ffea10d0000 - 0x00007ffea10e7000 	F:\javadev\IntelliJ IDEA 2023.2.5\jbr\bin\jli.dll
0x00007ffe76180000 - 0x00007ffe7619b000 	F:\javadev\IntelliJ IDEA 2023.2.5\jbr\bin\VCRUNTIME140.dll
0x00007fff02e60000 - 0x00007fff0300e000 	C:\WINDOWS\System32\USER32.dll
0x00007fff01270000 - 0x00007fff01296000 	C:\WINDOWS\System32\win32u.dll
0x00007ffeefc90000 - 0x00007ffeeff23000 	C:\WINDOWS\WinSxS\amd64_microsoft.windows.common-controls_6595b64144ccf1df_6.0.22621.3235_none_270f74e173860f98\COMCTL32.dll
0x00007fff02b90000 - 0x00007fff02bb9000 	C:\WINDOWS\System32\GDI32.dll
0x00007fff03900000 - 0x00007fff039a7000 	C:\WINDOWS\System32\msvcrt.dll
0x00007fff012a0000 - 0x00007fff013b9000 	C:\WINDOWS\System32\gdi32full.dll
0x00007fff017a0000 - 0x00007fff0183a000 	C:\WINDOWS\System32\msvcp_win.dll
0x00007fff03780000 - 0x00007fff037b1000 	C:\WINDOWS\System32\IMM32.DLL
0x00007ffefaff0000 - 0x00007ffefaffc000 	F:\javadev\IntelliJ IDEA 2023.2.5\jbr\bin\vcruntime140_1.dll
0x00007ffe20890000 - 0x00007ffe2091d000 	F:\javadev\IntelliJ IDEA 2023.2.5\jbr\bin\msvcp140.dll
0x00007ffda3f70000 - 0x00007ffda4bf3000 	F:\javadev\IntelliJ IDEA 2023.2.5\jbr\bin\server\jvm.dll
0x00007fff03240000 - 0x00007fff032f2000 	C:\WINDOWS\System32\ADVAPI32.dll
0x00007fff02590000 - 0x00007fff02638000 	C:\WINDOWS\System32\sechost.dll
0x00007fff01770000 - 0x00007fff01798000 	C:\WINDOWS\System32\bcrypt.dll
0x00007fff03d70000 - 0x00007fff03e85000 	C:\WINDOWS\System32\RPCRT4.dll
0x00007fff009a0000 - 0x00007fff009ed000 	C:\WINDOWS\SYSTEM32\POWRPROF.dll
0x00007ffef5950000 - 0x00007ffef595a000 	C:\WINDOWS\SYSTEM32\VERSION.dll
0x00007ffef8bb0000 - 0x00007ffef8be4000 	C:\WINDOWS\SYSTEM32\WINMM.dll
0x00007ffee1f20000 - 0x00007ffee1f29000 	C:\WINDOWS\SYSTEM32\WSOCK32.dll
0x00007fff03820000 - 0x00007fff03891000 	C:\WINDOWS\System32\WS2_32.dll
0x00007fff00950000 - 0x00007fff00963000 	C:\WINDOWS\SYSTEM32\UMPDC.dll
0x00007fff00270000 - 0x00007fff00288000 	C:\WINDOWS\SYSTEM32\kernel.appcore.dll
0x00007ffee1430000 - 0x00007ffee143a000 	F:\javadev\IntelliJ IDEA 2023.2.5\jbr\bin\jimage.dll
0x00007ffefea50000 - 0x00007ffefec83000 	C:\WINDOWS\SYSTEM32\DBGHELP.DLL
0x00007fff027b0000 - 0x00007fff02b38000 	C:\WINDOWS\System32\combase.dll
0x00007fff02660000 - 0x00007fff02737000 	C:\WINDOWS\System32\OLEAUT32.dll
0x00007ffef2f00000 - 0x00007ffef2f32000 	C:\WINDOWS\SYSTEM32\dbgcore.DLL
0x00007fff01a70000 - 0x00007fff01ae9000 	C:\WINDOWS\System32\bcryptPrimitives.dll
0x00007ffea45a0000 - 0x00007ffea45c5000 	F:\javadev\IntelliJ IDEA 2023.2.5\jbr\bin\java.dll

dbghelp: loaded successfully - version: 4.0.5 - missing functions: none
symbol engine: initialized successfully - sym options: 0x614 - pdb path: .;F:\javadev\IntelliJ IDEA 2023.2.5\jbr\bin;C:\WINDOWS\SYSTEM32;C:\WINDOWS\WinSxS\amd64_microsoft.windows.common-controls_6595b64144ccf1df_6.0.22621.3235_none_270f74e173860f98;F:\javadev\IntelliJ IDEA 2023.2.5\jbr\bin\server

VM Arguments:
java_command: git4idea.http.GitAskPassApp Username for 'https://github.com': 
java_class_path (initial): F:/javadev/IntelliJ IDEA 2023.2.5/plugins/vcs-git/lib/git4idea-rt.jar;F:/javadev/IntelliJ IDEA 2023.2.5/lib/externalProcess-rt.jar
Launcher Type: SUN_STANDARD

[Global flags]
     intx CICompilerCount                          = 4                                         {product} {ergonomic}
     uint ConcGCThreads                            = 3                                         {product} {ergonomic}
     uint G1ConcRefinementThreads                  = 10                                        {product} {ergonomic}
   size_t G1HeapRegionSize                         = 4194304                                   {product} {ergonomic}
    uintx GCDrainStackTargetSize                   = 64                                        {product} {ergonomic}
   size_t InitialHeapSize                          = 536870912                                 {product} {ergonomic}
   size_t MarkStackSize                            = 4194304                                   {product} {ergonomic}
   size_t MaxHeapSize                              = 8573157376                                {product} {ergonomic}
   size_t MinHeapDeltaBytes                        = 4194304                                   {product} {ergonomic}
   size_t MinHeapSize                              = 8388608                                   {product} {ergonomic}
    uintx NonNMethodCodeHeapSize                   = 5839372                                {pd product} {ergonomic}
    uintx NonProfiledCodeHeapSize                  = 122909434                              {pd product} {ergonomic}
    uintx ProfiledCodeHeapSize                     = 122909434                              {pd product} {ergonomic}
    uintx ReservedCodeCacheSize                    = 251658240                              {pd product} {ergonomic}
     bool SegmentedCodeCache                       = true                                      {product} {ergonomic}
   size_t SoftMaxHeapSize                          = 8573157376                             {manageable} {ergonomic}
     bool UseCompressedClassPointers               = true                           {product lp64_product} {ergonomic}
     bool UseCompressedOops                        = true                           {product lp64_product} {ergonomic}
     bool UseG1GC                                  = true                                      {product} {ergonomic}
     bool UseLargePagesIndividualAllocation        = false                                  {pd product} {ergonomic}

Logging:
Log output configuration:
 #0: stdout all=warning uptime,level,tags
 #1: stderr all=off uptime,level,tags

Environment Variables:
PATH=F:\Git\mingw64\libexec\git-core;F:\Git\mingw64\libexec\git-core;F:\Git\mingw64\bin;F:\Git\usr\bin;C:\Users\Owner\bin;C:\Program Files\Oculus\Support\oculus-runtime;C:\Program Files\Common Files\Oracle\Java\javapath;C:\Windows\system32;C:\Windows;C:\Windows\System32\Wbem;C:\Windows\System32\WindowsPowerShell\v1.0;C:\Windows\System32\OpenSSH;C:\Program Files\NVIDIA Corporation\NVIDIA NvDLISR;C:\WINDOWS\system32;C:\WINDOWS;C:\WINDOWS\System32\Wbem;C:\WINDOWS\System32\WindowsPowerShell\v1.0;C:\WINDOWS\System32\OpenSSH;C:\Program Files (x86)\NVIDIA Corporation\PhysX\Common;C:\WINDOWS\system32;C:\WINDOWS;C:\WINDOWS\System32\Wbem;C:\WINDOWS\System32\WindowsPowerShell\v1.0;C:\WINDOWS\System32\OpenSSH;F:\Git\cmd;F:\node;C:\ProgramData\chocolatey\bin;C:\Program Files\dotnet;C:\Program Files\Cloudflare\Cloudflare WARP;C:\Users\Owner\.cargo\bin;C:\Users\Owner\AppData\Local\Programs\Python\Launcher;C:\Users\Owner\AppData\Local\Microsoft\WindowsApps;C:\Users\Owner\AppData\Local\Microsoft\WindowsApps;F:\Microsoft VS Code\bin;C:\Users\Owner\AppData\Roaming\npm;C:\users\owner\.local\bin;C:\users\owner\appdata\local\packages\pythonsoftwarefoundation.python.3.10_qbz5n2kfra8p0\localcache\local-packages\python310\scripts
USERNAME=Owner
DISPLAY=:0.0
LC_ALL=en_US.UTF-8
TERM=xterm-256color
TMPDIR=C:\Users\Owner\AppData\Local\Temp
OS=Windows_NT
PROCESSOR_IDENTIFIER=Intel64 Family 6 Model 158 Stepping 10, GenuineIntel
TMP=C:\Users\Owner\AppData\Local\Temp
TEMP=C:\Users\Owner\AppData\Local\Temp



Periodic native trim disabled

JNI global refs:
JNI global refs: 0, weak refs: 0

JNI global refs memory usage: 0, weak refs: 0

OOME stack traces (most recent first):
Classloader memory used:


---------------  S Y S T E M  ---------------

OS:
 Windows 11 , 64 bit Build 22621 (10.0.22621.3374)
OS uptime: 4 days 18:03 hours
Hyper-V role detected

CPU: total 12 (initial active 12) (6 cores per cpu, 2 threads per core) family 6 model 158 stepping 10 microcode 0xde, cx8, cmov, fxsr, ht, mmx, 3dnowpref, sse, sse2, sse3, ssse3, sse4.1, sse4.2, popcnt, lzcnt, tsc, tscinvbit, avx, avx2, aes, erms, clmul, bmi1, bmi2, rtm, adx, fma, vzeroupper, clflush, clflushopt, hv
Processor Information for all 12 processors :
  Max Mhz: 3696, Current Mhz: 3696, Mhz Limit: 3696

Memory: 4k page, system-wide physical 32702M (1718M free)
TotalPageFile size 64169M (AvailPageFile size 123M)
current process WorkingSet (physical memory assigned to process): 11M, peak: 11M
current process commit charge ("private bytes"): 64M, peak: 576M

vm_info: OpenJDK 64-Bit Server VM (17.0.9+7-b1000.46) for windows-amd64 JRE (17.0.9+7-b1000.46), built on 2023-10-27 by "builduser" with MS VC++ 16.10 / 16.11 (VS2019)

END.
